<?xml version="1.0" encoding="UTF-8"?>
<testng-results ignored="0" total="3" passed="3" failed="0" skipped="0">
  <reporter-output>
  </reporter-output>
  <suite started-at="2024-10-08T03:27:40 IST" name="Suite" finished-at="2024-10-08T03:27:46 IST" duration-ms="5166">
    <groups>
    </groups>
    <test started-at="2024-10-08T03:27:40 IST" name="Test" finished-at="2024-10-08T03:27:46 IST" duration-ms="5166">
      <class name="testng_parallel.testng_parallel">
        <test-method is-config="true" signature="beforeTest()[pri:0, instance:testng_parallel.testng_parallel@4b29d1d2]" started-at="2024-10-08T03:27:40 IST" name="beforeTest" finished-at="2024-10-08T03:27:40 IST" duration-ms="82" status="PASS">
          <reporter-output>
          </reporter-output>
        </test-method> <!-- beforeTest -->
        <test-method signature="test2()[pri:0, instance:testng_parallel.testng_parallel@4b29d1d2]" started-at="2024-10-08T03:27:40 IST" name="test2" finished-at="2024-10-08T03:27:45 IST" duration-ms="5087" status="PASS">
          <reporter-output>
          </reporter-output>
        </test-method> <!-- test2 -->
        <test-method signature="test3()[pri:0, instance:testng_parallel.testng_parallel@4b29d1d2]" started-at="2024-10-08T03:27:40 IST" name="test3" finished-at="2024-10-08T03:27:45 IST" duration-ms="5087" status="PASS">
          <reporter-output>
          </reporter-output>
        </test-method> <!-- test3 -->
        <test-method signature="test1()[pri:0, instance:testng_parallel.testng_parallel@4b29d1d2]" started-at="2024-10-08T03:27:40 IST" name="test1" finished-at="2024-10-08T03:27:45 IST" duration-ms="5087" status="PASS">
          <reporter-output>
          </reporter-output>
        </test-method> <!-- test1 -->
        <test-method is-config="true" signature="afterTest()[pri:0, instance:testng_parallel.testng_parallel@4b29d1d2]" started-at="2024-10-08T03:27:46 IST" name="afterTest" finished-at="2024-10-08T03:27:46 IST" duration-ms="248" status="PASS">
          <reporter-output>
          </reporter-output>
        </test-method> <!-- afterTest -->
      </class> <!-- testng_parallel.testng_parallel -->
    </test> <!-- Test -->
  </suite> <!-- Suite -->
</testng-results>
